
> client@5.2.0 build
> vite build

[36mvite v5.4.11 [32mbuilding for production...[36m[39m
transforming...
DEPRECATION WARNING: The legacy JS API is deprecated and will be removed in Dart Sass 2.0.0.

More info: https://sass-lang.com/d/legacy-js-api

DEPRECATION WARNING: Sass @import rules are deprecated and will be removed in Dart Sass 3.0.0.

More info and automated migrator: https://sass-lang.com/d/import

  ╷
2 │ @import "variables";
  │         ^^^^^^^^^^^
  ╵
    src\scss\style.scss 2:9  root stylesheet

DEPRECATION WARNING: Sass @import rules are deprecated and will be removed in Dart Sass 3.0.0.

More info and automated migrator: https://sass-lang.com/d/import

  ╷
5 │ @import "@coreui/coreui/scss/coreui";
  │         ^^^^^^^^^^^^^^^^^^^^^^^^^^^^
  ╵
    src\scss\style.scss 5:9  root stylesheet

DEPRECATION WARNING: Sass @import rules are deprecated and will be removed in Dart Sass 3.0.0.

More info and automated migrator: https://sass-lang.com/d/import

  ╷
6 │ @import "@coreui/chartjs/scss/coreui-chartjs";
  │         ^^^^^^^^^^^^^^^^^^^^^^^^^^^^^^^^^^^^^
  ╵
    src\scss\style.scss 6:9  root stylesheet

DEPRECATION WARNING: Sass @import rules are deprecated and will be removed in Dart Sass 3.0.0.

More info and automated migrator: https://sass-lang.com/d/import

  ╷
9 │ @import "vendors/simplebar";
  │         ^^^^^^^^^^^^^^^^^^^
  ╵
    src\scss\style.scss 9:9  root stylesheet

DEPRECATION WARNING: Sass @import rules are deprecated and will be removed in Dart Sass 3.0.0.

More info and automated migrator: https://sass-lang.com/d/import

   ╷
12 │ @import "theme";
   │         ^^^^^^^
   ╵
    src\scss\style.scss 12:9  root stylesheet

WARNING: 1 repetitive deprecation warnings omitted.

[32m✓[39m 4802 modules transformed.
rendering chunks...
computing gzip size...
[2mdist/[22m[32mindex.html                                           [39m[1m[2m    1.25 kB[22m[1m[22m[2m │ gzip:     0.68 kB[22m
[2mdist/[22m[32massets/6-DAej8nlJ.jpg                                [39m[1m[2m   11.92 kB[22m[1m[22m
[2mdist/[22m[32massets/5-C7PguISa.jpg                                [39m[1m[2m   12.67 kB[22m[1m[22m
[2mdist/[22m[32massets/2-DU4eQes8.jpg                                [39m[1m[2m   12.87 kB[22m[1m[22m
[2mdist/[22m[32massets/3-D73ZQ4h9.jpg                                [39m[1m[2m   13.53 kB[22m[1m[22m
[2mdist/[22m[32massets/4-TDOHctEN.jpg                                [39m[1m[2m   13.73 kB[22m[1m[22m
[2mdist/[22m[32massets/1-Bxx5tbqp.jpg                                [39m[1m[2m   13.89 kB[22m[1m[22m
[2mdist/[22m[32massets/8-CQnrj2m9.jpg                                [39m[1m[2m   15.15 kB[22m[1m[22m
[2mdist/[22m[32massets/angular-DbhKAn4Z.jpg                          [39m[1m[2m  169.23 kB[22m[1m[22m
[2mdist/[22m[32massets/vue-Ces23Jk5.jpg                              [39m[1m[2m  170.60 kB[22m[1m[22m
[2mdist/[22m[32massets/react-DmxSGVXA.jpg                            [39m[1m[2m  199.54 kB[22m[1m[22m
[2mdist/[22m[35massets/DefaultLayout-CLu9E2VE.css                    [39m[1m[2m    3.07 kB[22m[1m[22m[2m │ gzip:     0.89 kB[22m
[2mdist/[22m[35massets/index-wUvqVzu6.css                            [39m[1m[2m  292.35 kB[22m[1m[22m[2m │ gzip:    39.82 kB[22m
[2mdist/[22m[36massets/react-DOh6XfOk.js                             [39m[1m[2m    0.08 kB[22m[1m[22m[2m │ gzip:     0.10 kB[22m
[2mdist/[22m[36massets/getTransitionDurationFromElement-Cpu4p4hx.js  [39m[1m[2m    0.27 kB[22m[1m[22m[2m │ gzip:     0.19 kB[22m
[2mdist/[22m[36massets/CCardGroup-BNSBMRvY.js                        [39m[1m[2m    0.34 kB[22m[1m[22m[2m │ gzip:     0.26 kB[22m
[2mdist/[22m[36massets/CCardFooter-DDDni0UI.js                       [39m[1m[2m    0.34 kB[22m[1m[22m[2m │ gzip:     0.25 kB[22m
[33m
(!) Some chunks are larger than 500 kB after minification. Consider:
[2mdist/[22m[36massets/CCardHeader-p7epbkNT.js                       [39m[1m[2m    0.39 kB[22m[1m[22m[2m │ gzip:     0.28 kB[22m
[2mdist/[22m[36massets/CForm-D2RREoPD.js                             [39m[1m[2m    0.39 kB[22m[1m[22m[2m │ gzip:     0.28 kB[22m
[2mdist/[22m[36massets/CFormLabel-BURHUxkN.js                        [39m[1m[2m    0.41 kB[22m[1m[22m[2m │ gzip:     0.28 kB[22m
[2mdist/[22m[36massets/CButtonGroup-DrTzjU9r.js                      [39m[1m[2m    0.49 kB[22m[1m[22m[2m │ gzip:     0.33 kB[22m
[2mdist/[22m[36massets/cil-magnifying-glass-COgjSVTM.js              [39m[1m[2m    0.56 kB[22m[1m[22m[2m │ gzip:     0.34 kB[22m
[2mdist/[22m[36massets/getRTLPlacement-BSTlSq3e.js                   [39m[1m[2m    0.61 kB[22m[1m[22m[2m │ gzip:     0.37 kB[22m
- Using dynamic import() to code-split the application
[2mdist/[22m[36massets/CInputGroupText-0QU0gzfx.js                   [39m[1m[2m    0.74 kB[22m[1m[22m[2m │ gzip:     0.39 kB[22m
- Use build.rollupOptions.output.manualChunks to improve chunking: https://rollupjs.org/configuration-options/#output-manualchunks
- Adjust chunk size limit for this warning via build.chunkSizeWarningLimit.[39m
[2mdist/[22m[36massets/CCardBody-r_kETIvo.js                         [39m[1m[2m    0.79 kB[22m[1m[22m[2m │ gzip:     0.38 kB[22m
[2mdist/[22m[36massets/index-BaY6520e.js                             [39m[1m[2m    0.79 kB[22m[1m[22m[2m │ gzip:     0.50 kB[22m
[2mdist/[22m[36massets/cil-user-Dlmw-Gem.js                          [39m[1m[2m    0.88 kB[22m[1m[22m[2m │ gzip:     0.46 kB[22m
[2mdist/[22m[36massets/CFormTextarea-ChBImRy5.js                     [39m[1m[2m    1.01 kB[22m[1m[22m[2m │ gzip:     0.51 kB[22m
[2mdist/[22m[36massets/CCardTitle-D-avxDdk.js                        [39m[1m[2m    1.08 kB[22m[1m[22m[2m │ gzip:     0.41 kB[22m
[2mdist/[22m[36massets/Page404-BYZgKc9r.js                           [39m[1m[2m    1.15 kB[22m[1m[22m[2m │ gzip:     0.59 kB[22m
[2mdist/[22m[36massets/Page500-BQoXBIJX.js                           [39m[1m[2m    1.16 kB[22m[1m[22m[2m │ gzip:     0.60 kB[22m
[2mdist/[22m[36massets/cil-user-female-Dz9e4tbB.js                   [39m[1m[2m    1.16 kB[22m[1m[22m[2m │ gzip:     0.56 kB[22m
[2mdist/[22m[36massets/CFormControlValidation-CZKg6wsw.js            [39m[1m[2m    1.20 kB[22m[1m[22m[2m │ gzip:     0.55 kB[22m
[2mdist/[22m[36massets/CFormSelect-CVLWjcnQ.js                       [39m[1m[2m    1.28 kB[22m[1m[22m[2m │ gzip:     0.65 kB[22m
[2mdist/[22m[36massets/CListGroupItem-DbJriNDC.js                    [39m[1m[2m    1.33 kB[22m[1m[22m[2m │ gzip:     0.62 kB[22m
[2mdist/[22m[36massets/CFormInput-CMaUfJLj.js                        [39m[1m[2m    1.54 kB[22m[1m[22m[2m │ gzip:     0.78 kB[22m
[2mdist/[22m[36massets/CFormControlWrapper-BMFklpus.js               [39m[1m[2m    1.60 kB[22m[1m[22m[2m │ gzip:     0.65 kB[22m
[2mdist/[22m[36massets/Register-BC8VLAR4.js                          [39m[1m[2m    1.62 kB[22m[1m[22m[2m │ gzip:     0.63 kB[22m
[2mdist/[22m[36massets/cib-twitter-00_H7eLt.js                       [39m[1m[2m    1.65 kB[22m[1m[22m[2m │ gzip:     0.78 kB[22m
[2mdist/[22m[36massets/Breadcrumbs-TzhDZTDU.js                       [39m[1m[2m    1.70 kB[22m[1m[22m[2m │ gzip:     0.67 kB[22m
[2mdist/[22m[36massets/CProgress-MSjaL5vO.js                         [39m[1m[2m    1.98 kB[22m[1m[22m[2m │ gzip:     0.80 kB[22m
[2mdist/[22m[36massets/Login-BLYMNZWL.js                             [39m[1m[2m    1.99 kB[22m[1m[22m[2m │ gzip:     0.85 kB[22m
[2mdist/[22m[36massets/CRow-Ho2Lmi99.js                              [39m[1m[2m    2.04 kB[22m[1m[22m[2m │ gzip:     0.69 kB[22m
[2mdist/[22m[36massets/Popovers-BvTS9H9B.js                          [39m[1m[2m    2.05 kB[22m[1m[22m[2m │ gzip:     0.76 kB[22m
[2mdist/[22m[36massets/CFormCheck-9GEtOR21.js                        [39m[1m[2m    2.22 kB[22m[1m[22m[2m │ gzip:     0.94 kB[22m
[2mdist/[22m[36massets/CTooltip-Dde1W2yW.js                          [39m[1m[2m    2.58 kB[22m[1m[22m[2m │ gzip:     1.20 kB[22m
[2mdist/[22m[36massets/Colors-BF-5erHn.js                            [39m[1m[2m    2.61 kB[22m[1m[22m[2m │ gzip:     1.02 kB[22m
[2mdist/[22m[36massets/Tooltips-DekmNrsC.js                          [39m[1m[2m    2.64 kB[22m[1m[22m[2m │ gzip:     1.00 kB[22m
[2mdist/[22m[36massets/CPopover-BT_6R04h.js                          [39m[1m[2m    2.65 kB[22m[1m[22m[2m │ gzip:     1.22 kB[22m
[2mdist/[22m[36massets/cil-user-follow-B8UWl23a.js                   [39m[1m[2m    2.72 kB[22m[1m[22m[2m │ gzip:     0.83 kB[22m
[2mdist/[22m[36massets/Charts-C5v7q8cj.js                            [39m[1m[2m    3.25 kB[22m[1m[22m[2m │ gzip:     0.99 kB[22m
[2mdist/[22m[36massets/Collapses-Dl5JR-oW.js                         [39m[1m[2m    3.34 kB[22m[1m[22m[2m │ gzip:     1.00 kB[22m
[2mdist/[22m[36massets/Range-BgKyu2Jy.js                             [39m[1m[2m    3.41 kB[22m[1m[22m[2m │ gzip:     1.09 kB[22m
[2mdist/[22m[36massets/Select-BwdcTRth.js                            [39m[1m[2m    3.52 kB[22m[1m[22m[2m │ gzip:     0.82 kB[22m
[2mdist/[22m[36massets/cil-people-BKgPdOQQ.js                        [39m[1m[2m    3.74 kB[22m[1m[22m[2m │ gzip:     0.91 kB[22m
[2mdist/[22m[36massets/Badges-Dqc_EbRD.js                            [39m[1m[2m    3.80 kB[22m[1m[22m[2m │ gzip:     1.00 kB[22m
[2mdist/[22m[36massets/Spinners-D06ovFHO.js                          [39m[1m[2m    3.88 kB[22m[1m[22m[2m │ gzip:     1.04 kB[22m
[2mdist/[22m[36massets/CCollapse-Dcwe_Ms1.js                         [39m[1m[2m    4.47 kB[22m[1m[22m[2m │ gzip:     1.70 kB[22m
[2mdist/[22m[36massets/CTable-DwcODLzf.js                            [39m[1m[2m    5.44 kB[22m[1m[22m[2m │ gzip:     1.52 kB[22m
[2mdist/[22m[36massets/Progress-CX4E1ApI.js                          [39m[1m[2m    5.60 kB[22m[1m[22m[2m │ gzip:     1.18 kB[22m
[2mdist/[22m[36massets/FloatingLabels-Bd7Tj5Aj.js                    [39m[1m[2m    5.72 kB[22m[1m[22m[2m │ gzip:     1.49 kB[22m
[2mdist/[22m[36massets/Placeholders-BA16CLI4.js                      [39m[1m[2m    6.04 kB[22m[1m[22m[2m │ gzip:     1.91 kB[22m
[2mdist/[22m[36massets/Alerts-DuZwmRtb.js                            [39m[1m[2m    6.21 kB[22m[1m[22m[2m │ gzip:     1.88 kB[22m
[2mdist/[22m[36massets/index.esm-fF3Che2s.js                         [39m[1m[2m    6.51 kB[22m[1m[22m[2m │ gzip:     2.69 kB[22m
[2mdist/[22m[36massets/FormControl-CKciqI6O.js                       [39m[1m[2m    6.58 kB[22m[1m[22m[2m │ gzip:     1.51 kB[22m
[2mdist/[22m[36massets/Typography-DX9Ozv_4.js                        [39m[1m[2m    6.84 kB[22m[1m[22m[2m │ gzip:     1.61 kB[22m
[2mdist/[22m[36massets/Paginations-4NzYmY5T.js                       [39m[1m[2m    6.90 kB[22m[1m[22m[2m │ gzip:     1.89 kB[22m
[2mdist/[22m[36massets/Tabs-3BHTSC4o.js                              [39m[1m[2m    9.19 kB[22m[1m[22m[2m │ gzip:     2.03 kB[22m
[2mdist/[22m[36massets/Accordion-Cdgqn4Hz.js                         [39m[1m[2m    9.66 kB[22m[1m[22m[2m │ gzip:     1.70 kB[22m
[2mdist/[22m[36massets/WidgetsDropdown-Ch4Tmofb.js                   [39m[1m[2m    9.75 kB[22m[1m[22m[2m │ gzip:     2.35 kB[22m
[2mdist/[22m[36massets/Navs-CrClMzXT.js                              [39m[1m[2m    9.92 kB[22m[1m[22m[2m │ gzip:     1.84 kB[22m
[2mdist/[22m[36massets/ChecksRadios-Cpyu_5qj.js                      [39m[1m[2m   10.14 kB[22m[1m[22m[2m │ gzip:     2.20 kB[22m
[2mdist/[22m[36massets/Dropdowns-CoPHjrR1.js                         [39m[1m[2m   10.15 kB[22m[1m[22m[2m │ gzip:     1.66 kB[22m
[2mdist/[22m[36massets/ListGroups-CT0LZkJb.js                        [39m[1m[2m   10.62 kB[22m[1m[22m[2m │ gzip:     2.11 kB[22m
[2mdist/[22m[36massets/Toasts-BJAaPInP.js                            [39m[1m[2m   10.86 kB[22m[1m[22m[2m │ gzip:     2.94 kB[22m
[2mdist/[22m[36massets/Buttons-CVqZ4Mpe.js                           [39m[1m[2m   10.94 kB[22m[1m[22m[2m │ gzip:     2.27 kB[22m
[2mdist/[22m[36massets/Dashboard-DvTZxQRr.js                         [39m[1m[2m   11.22 kB[22m[1m[22m[2m │ gzip:     3.22 kB[22m
[2mdist/[22m[36massets/ButtonGroups-D-Nm8Ftn.js                      [39m[1m[2m   12.16 kB[22m[1m[22m[2m │ gzip:     2.10 kB[22m
[2mdist/[22m[36massets/Layout-CdrL6rzm.js                            [39m[1m[2m   12.51 kB[22m[1m[22m[2m │ gzip:     2.64 kB[22m
[2mdist/[22m[36massets/Carousels-utvLHsZ8.js                         [39m[1m[2m   13.44 kB[22m[1m[22m[2m │ gzip:     3.51 kB[22m
[2mdist/[22m[36massets/InputGroup-Dlpz0039.js                        [39m[1m[2m   13.90 kB[22m[1m[22m[2m │ gzip:     2.18 kB[22m
[2mdist/[22m[36massets/Validation-DS-zxigo.js                        [39m[1m[2m   14.32 kB[22m[1m[22m[2m │ gzip:     2.60 kB[22m
[2mdist/[22m[36massets/Widgets-DzIcBv65.js                           [39m[1m[2m   15.19 kB[22m[1m[22m[2m │ gzip:     2.39 kB[22m
[2mdist/[22m[36massets/cib-google-C6akqOlX.js                        [39m[1m[2m   15.67 kB[22m[1m[22m[2m │ gzip:     5.42 kB[22m
[2mdist/[22m[36massets/Tables-C0eSFx8r.js                            [39m[1m[2m   25.08 kB[22m[1m[22m[2m │ gzip:     2.19 kB[22m
[2mdist/[22m[36massets/Cards-Csa6Nu7_.js                             [39m[1m[2m   26.73 kB[22m[1m[22m[2m │ gzip:     3.89 kB[22m
[2mdist/[22m[36massets/Modals-C_rRZ9RF.js                            [39m[1m[2m   26.78 kB[22m[1m[22m[2m │ gzip:     4.32 kB[22m
[2mdist/[22m[36massets/DefaultLayout-CPEzFpkg.js                     [39m[1m[2m  114.31 kB[22m[1m[22m[2m │ gzip:    35.86 kB[22m
[2mdist/[22m[36massets/cif-us-DcptizC8.js                            [39m[1m[2m  157.00 kB[22m[1m[22m[2m │ gzip:    30.47 kB[22m
[2mdist/[22m[36massets/index.esm-yUCtbbXT.js                         [39m[1m[2m  235.76 kB[22m[1m[22m[2m │ gzip:    82.55 kB[22m
[2mdist/[22m[36massets/CoreUIIcons-NdI2g1ac.js                       [39m[1m[2m  379.92 kB[22m[1m[22m[2m │ gzip:    92.63 kB[22m
[2mdist/[22m[36massets/index-G47ONPC7.js                             [39m[1m[2m  412.05 kB[22m[1m[22m[2m │ gzip:   150.73 kB[22m
[2mdist/[22m[36massets/Brands-CDj5T9jr.js                            [39m[1m[33m1,406.59 kB[39m[22m[2m │ gzip:   486.02 kB[22m
[2mdist/[22m[36massets/Flags-BlZv6vyC.js                             [39m[1m[33m3,307.36 kB[39m[22m[2m │ gzip: 1,001.77 kB[22m
[32m✓ built in 18.79s[39m
